app/dashboard/apps/new/page.tsx(436,70): error TS2339: Property 'description' does not exist on type '{ label: string; icon: ForwardRefExoticComponent<Omit<LucideProps, "ref"> & RefAttributes<SVGSVGElement>>; gradient: string; bg: string; text: string; }'.
app/dashboard/apps/releases/page.tsx(39,52): error TS2339: Property 'plannedDate' does not exist on type 'PlannedRelease'.
app/dashboard/apps/releases/page.tsx(253,34): error TS2339: Property 'buildNumber' does not exist on type '{ status: string; app: { id: string; nameEn: string; type: AppType; }; deployedAt: Date; version: string; buildNumber?: number | undefined; releaseDate: Date; releaseChannel: "staging" | ... 1 more ... | "dev"; notes?: string | undefined; } | { ...; }'.
  Property 'buildNumber' does not exist on type '{ status: string; app: { id: string; nameEn: string; type: AppType; }; deployedAt: Date; version: string; targetDate: Date; features: string[]; }'.
app/dashboard/apps/releases/page.tsx(260,34): error TS2339: Property 'environment' does not exist on type '{ status: string; app: { id: string; nameEn: string; type: AppType; }; deployedAt: Date; version: string; buildNumber?: number | undefined; releaseDate: Date; releaseChannel: "staging" | ... 1 more ... | "dev"; notes?: string | undefined; } | { ...; }'.
  Property 'environment' does not exist on type '{ status: string; app: { id: string; nameEn: string; type: AppType; }; deployedAt: Date; version: string; buildNumber?: number | undefined; releaseDate: Date; releaseChannel: "staging" | ... 1 more ... | "dev"; notes?: string | undefined; }'.
app/dashboard/apps/releases/page.tsx(267,34): error TS2339: Property 'releasedBy' does not exist on type '{ status: string; app: { id: string; nameEn: string; type: AppType; }; deployedAt: Date; version: string; buildNumber?: number | undefined; releaseDate: Date; releaseChannel: "staging" | ... 1 more ... | "dev"; notes?: string | undefined; } | { ...; }'.
  Property 'releasedBy' does not exist on type '{ status: string; app: { id: string; nameEn: string; type: AppType; }; deployedAt: Date; version: string; buildNumber?: number | undefined; releaseDate: Date; releaseChannel: "staging" | ... 1 more ... | "dev"; notes?: string | undefined; }'.
app/dashboard/apps/releases/page.tsx(273,28): error TS2339: Property 'features' does not exist on type '{ status: string; app: { id: string; nameEn: string; type: AppType; }; deployedAt: Date; version: string; buildNumber?: number | undefined; releaseDate: Date; releaseChannel: "staging" | ... 1 more ... | "dev"; notes?: string | undefined; } | { ...; }'.
  Property 'features' does not exist on type '{ status: string; app: { id: string; nameEn: string; type: AppType; }; deployedAt: Date; version: string; buildNumber?: number | undefined; releaseDate: Date; releaseChannel: "staging" | ... 1 more ... | "dev"; notes?: string | undefined; }'.
app/dashboard/apps/releases/page.tsx(273,48): error TS2339: Property 'features' does not exist on type '{ status: string; app: { id: string; nameEn: string; type: AppType; }; deployedAt: Date; version: string; buildNumber?: number | undefined; releaseDate: Date; releaseChannel: "staging" | ... 1 more ... | "dev"; notes?: string | undefined; } | { ...; }'.
  Property 'features' does not exist on type '{ status: string; app: { id: string; nameEn: string; type: AppType; }; deployedAt: Date; version: string; buildNumber?: number | undefined; releaseDate: Date; releaseChannel: "staging" | ... 1 more ... | "dev"; notes?: string | undefined; }'.
app/dashboard/apps/releases/page.tsx(277,34): error TS2339: Property 'features' does not exist on type '{ status: string; app: { id: string; nameEn: string; type: AppType; }; deployedAt: Date; version: string; buildNumber?: number | undefined; releaseDate: Date; releaseChannel: "staging" | ... 1 more ... | "dev"; notes?: string | undefined; } | { ...; }'.
  Property 'features' does not exist on type '{ status: string; app: { id: string; nameEn: string; type: AppType; }; deployedAt: Date; version: string; buildNumber?: number | undefined; releaseDate: Date; releaseChannel: "staging" | ... 1 more ... | "dev"; notes?: string | undefined; }'.
app/dashboard/apps/releases/page.tsx(277,60): error TS7006: Parameter 'feature' implicitly has an 'any' type.
app/dashboard/apps/releases/page.tsx(277,69): error TS7006: Parameter 'idx' implicitly has an 'any' type.
app/dashboard/apps/releases/page.tsx(283,34): error TS2339: Property 'features' does not exist on type '{ status: string; app: { id: string; nameEn: string; type: AppType; }; deployedAt: Date; version: string; buildNumber?: number | undefined; releaseDate: Date; releaseChannel: "staging" | ... 1 more ... | "dev"; notes?: string | undefined; } | { ...; }'.
  Property 'features' does not exist on type '{ status: string; app: { id: string; nameEn: string; type: AppType; }; deployedAt: Date; version: string; buildNumber?: number | undefined; releaseDate: Date; releaseChannel: "staging" | ... 1 more ... | "dev"; notes?: string | undefined; }'.
app/dashboard/apps/releases/page.tsx(285,39): error TS2339: Property 'features' does not exist on type '{ status: string; app: { id: string; nameEn: string; type: AppType; }; deployedAt: Date; version: string; buildNumber?: number | undefined; releaseDate: Date; releaseChannel: "staging" | ... 1 more ... | "dev"; notes?: string | undefined; } | { ...; }'.
  Property 'features' does not exist on type '{ status: string; app: { id: string; nameEn: string; type: AppType; }; deployedAt: Date; version: string; buildNumber?: number | undefined; releaseDate: Date; releaseChannel: "staging" | ... 1 more ... | "dev"; notes?: string | undefined; }'.
app/dashboard/apps/releases/page.tsx(293,28): error TS2339: Property 'notes' does not exist on type '{ status: string; app: { id: string; nameEn: string; type: AppType; }; deployedAt: Date; version: string; buildNumber?: number | undefined; releaseDate: Date; releaseChannel: "staging" | ... 1 more ... | "dev"; notes?: string | undefined; } | { ...; }'.
  Property 'notes' does not exist on type '{ status: string; app: { id: string; nameEn: string; type: AppType; }; deployedAt: Date; version: string; targetDate: Date; features: string[]; }'.
app/dashboard/apps/releases/page.tsx(295,33): error TS2339: Property 'notes' does not exist on type '{ status: string; app: { id: string; nameEn: string; type: AppType; }; deployedAt: Date; version: string; buildNumber?: number | undefined; releaseDate: Date; releaseChannel: "staging" | ... 1 more ... | "dev"; notes?: string | undefined; } | { ...; }'.
  Property 'notes' does not exist on type '{ status: string; app: { id: string; nameEn: string; type: AppType; }; deployedAt: Date; version: string; targetDate: Date; features: string[]; }'.
app/dashboard/candidates/compare/page.tsx(432,63): error TS2304: Cannot find name 'isBest'.
app/dashboard/candidates/compare/page.tsx(436,26): error TS2304: Cannot find name 'isBest'.
app/dashboard/candidates/positions/page.tsx(673,38): error TS2769: No overload matches this call.
  Overload 1 of 4, '(value: string | number | Date): Date', gave the following error.
    Argument of type 'string | undefined' is not assignable to parameter of type 'string | number | Date'.
      Type 'undefined' is not assignable to type 'string | number | Date'.
  Overload 2 of 4, '(value: string | number): Date', gave the following error.
    Argument of type 'string | undefined' is not assignable to parameter of type 'string | number'.
      Type 'undefined' is not assignable to type 'string | number'.
app/dashboard/clients/[id]/contracts/page.tsx(238,74): error TS7053: Element implicitly has an 'any' type because expression of type 'string' can't be used to index type '{ MSA: string; 'Fixed Price': string; 'Time & Materials': string; Retainer: string; }'.
  No index signature with a parameter of type 'string' was found on type '{ MSA: string; 'Fixed Price': string; 'Time & Materials': string; Retainer: string; }'.
app/dashboard/clients/[id]/contracts/page.tsx(264,73): error TS7053: Element implicitly has an 'any' type because expression of type 'string' can't be used to index type '{ active: string; pending_renewal: string; expired: string; draft: string; }'.
  No index signature with a parameter of type 'string' was found on type '{ active: string; pending_renewal: string; expired: string; draft: string; }'.
app/dashboard/clients/[id]/contracts/page.tsx(303,76): error TS7053: Element implicitly has an 'any' type because expression of type 'any' can't be used to index type '{ MSA: string; 'Fixed Price': string; 'Time & Materials': string; Retainer: string; }'.
app/dashboard/clients/[id]/contracts/page.tsx(328,79): error TS7053: Element implicitly has an 'any' type because expression of type 'any' can't be used to index type '{ active: string; pending_renewal: string; expired: string; draft: string; }'.
app/dashboard/clients/[id]/contracts/page.tsx(409,52): error TS7006: Parameter 'doc' implicitly has an 'any' type.
app/dashboard/clients/[id]/contracts/page.tsx(409,57): error TS7006: Parameter 'index' implicitly has an 'any' type.
app/dashboard/clients/[id]/documents/page.tsx(284,30): error TS7053: Element implicitly has an 'any' type because expression of type 'string' can't be used to index type '{ pdf: { icon: ForwardRefExoticComponent<Omit<LucideProps, "ref"> & RefAttributes<SVGSVGElement>>; color: string; }; ... 6 more ...; archive: { ...; }; }'.
  No index signature with a parameter of type 'string' was found on type '{ pdf: { icon: ForwardRefExoticComponent<Omit<LucideProps, "ref"> & RefAttributes<SVGSVGElement>>; color: string; }; ... 6 more ...; archive: { ...; }; }'.
app/dashboard/clients/[id]/documents/page.tsx(285,31): error TS7053: Element implicitly has an 'any' type because expression of type 'string' can't be used to index type '{ pdf: { icon: ForwardRefExoticComponent<Omit<LucideProps, "ref"> & RefAttributes<SVGSVGElement>>; color: string; }; ... 6 more ...; archive: { ...; }; }'.
  No index signature with a parameter of type 'string' was found on type '{ pdf: { icon: ForwardRefExoticComponent<Omit<LucideProps, "ref"> & RefAttributes<SVGSVGElement>>; color: string; }; ... 6 more ...; archive: { ...; }; }'.
app/dashboard/clients/[id]/documents/page.tsx(331,34): error TS7053: Element implicitly has an 'any' type because expression of type 'string' can't be used to index type '{ pdf: { icon: ForwardRefExoticComponent<Omit<LucideProps, "ref"> & RefAttributes<SVGSVGElement>>; color: string; }; ... 6 more ...; archive: { ...; }; }'.
  No index signature with a parameter of type 'string' was found on type '{ pdf: { icon: ForwardRefExoticComponent<Omit<LucideProps, "ref"> & RefAttributes<SVGSVGElement>>; color: string; }; ... 6 more ...; archive: { ...; }; }'.
app/dashboard/clients/[id]/documents/page.tsx(332,35): error TS7053: Element implicitly has an 'any' type because expression of type 'string' can't be used to index type '{ pdf: { icon: ForwardRefExoticComponent<Omit<LucideProps, "ref"> & RefAttributes<SVGSVGElement>>; color: string; }; ... 6 more ...; archive: { ...; }; }'.
  No index signature with a parameter of type 'string' was found on type '{ pdf: { icon: ForwardRefExoticComponent<Omit<LucideProps, "ref"> & RefAttributes<SVGSVGElement>>; color: string; }; ... 6 more ...; archive: { ...; }; }'.
app/dashboard/clients/[id]/documents/page.tsx(424,44): error TS7006: Parameter 'file' implicitly has an 'any' type.
app/dashboard/clients/[id]/documents/page.tsx(425,36): error TS7053: Element implicitly has an 'any' type because expression of type 'any' can't be used to index type '{ pdf: { icon: ForwardRefExoticComponent<Omit<LucideProps, "ref"> & RefAttributes<SVGSVGElement>>; color: string; }; ... 6 more ...; archive: { ...; }; }'.
app/dashboard/clients/[id]/documents/page.tsx(426,37): error TS7053: Element implicitly has an 'any' type because expression of type 'any' can't be used to index type '{ pdf: { icon: ForwardRefExoticComponent<Omit<LucideProps, "ref"> & RefAttributes<SVGSVGElement>>; color: string; }; ... 6 more ...; archive: { ...; }; }'.
app/dashboard/clients/[id]/page.tsx(243,3): error TS1117: An object literal cannot have multiple properties with the same name.
app/dashboard/clients/[id]/page.tsx(307,15): error TS7053: Element implicitly has an 'any' type because expression of type 'string' can't be used to index type '{ starter: string; growth: string; professional: string; enterprise: string; }'.
  No index signature with a parameter of type 'string' was found on type '{ starter: string; growth: string; professional: string; enterprise: string; }'.
app/dashboard/clients/[id]/page.tsx(316,19): error TS7053: Element implicitly has an 'any' type because expression of type 'string' can't be used to index type '{ active: string; inactive: string; pending: string; suspended: string; }'.
  No index signature with a parameter of type 'string' was found on type '{ active: string; inactive: string; pending: string; suspended: string; }'.
app/dashboard/clients/[id]/page.tsx(712,46): error TS2339: Property 'map' does not exist on type 'number'.
app/dashboard/clients/[id]/page.tsx(712,51): error TS7006: Parameter 'project' implicitly has an 'any' type.
app/dashboard/clients/[id]/page.tsx(734,30): error TS2304: Cannot find name 'ArrowUpRight'.
app/dashboard/clients/[id]/page.tsx(821,30): error TS2304: Cannot find name 'ArrowUpRight'.
app/dashboard/clients/page.tsx(14,32): error TS2305: Module '"@/types/clients"' has no exported member 'ClientLifecycleStage'.
app/dashboard/clients/page.tsx(17,3): error TS2305: Module '"@/lib/clients-utils"' has no exported member 'getLifecycleStageColor'.
app/dashboard/clients/page.tsx(18,3): error TS2305: Module '"@/lib/clients-utils"' has no exported member 'getHealthLevelColor'.
app/dashboard/clients/page.tsx(52,5): error TS1117: An object literal cannot have multiple properties with the same name.
app/dashboard/clients/page.tsx(90,5): error TS1117: An object literal cannot have multiple properties with the same name.
app/dashboard/clients/page.tsx(126,5): error TS1117: An object literal cannot have multiple properties with the same name.
app/dashboard/clients/page.tsx(162,5): error TS1117: An object literal cannot have multiple properties with the same name.
app/dashboard/clients/page.tsx(199,5): error TS1117: An object literal cannot have multiple properties with the same name.
app/dashboard/clients/page.tsx(235,5): error TS1117: An object literal cannot have multiple properties with the same name.
app/dashboard/clients/page.tsx(471,29): error TS2322: Type '{ key: string; type: AppType; label: string; size: "sm"; }' is not assignable to type 'IntrinsicAttributes & AppTypeBadgeProps'.
  Property 'label' does not exist on type 'IntrinsicAttributes & AppTypeBadgeProps'.
app/dashboard/clients/page.tsx(588,24): error TS2304: Cannot find name 'Smartphone'.
app/dashboard/courses/[id]/edit/page.tsx(116,21): error TS2345: Argument of type '{ title: string; slug: string; description: string; longDescription: string; category: string; level: string; language: string; price: string; currency: string; discountPrice: string; discountEndsAt: string; ... 11 more ...; status: "published"; }' is not assignable to parameter of type 'SetStateAction<{ title: string; slug: string; description: string; longDescription: string; category: string; level: string; language: string; price: string; currency: string; discountPrice: string; discountEndsAt: string; ... 11 more ...; status: "draft"; }>'.
  Type '{ title: string; slug: string; description: string; longDescription: string; category: string; level: string; language: string; price: string; currency: string; discountPrice: string; discountEndsAt: string; ... 11 more ...; status: "published"; }' is not assignable to type '{ title: string; slug: string; description: string; longDescription: string; category: string; level: string; language: string; price: string; currency: string; discountPrice: string; discountEndsAt: string; ... 11 more ...; status: "draft"; }'.
    Types of property 'status' are incompatible.
      Type '"published"' is not assignable to type '"draft"'.
app/dashboard/courses/[id]/lessons/page.tsx(210,17): error TS2345: Argument of type '({ lessons: ({ id: string; courseId: string; sectionId: string; title: string; slug: string; description: string; order: number; contentType: "video"; videoUrl: string; videoDuration: number; isPreview: boolean; isMandatory: boolean; isPublished: boolean; createdAt: string; updatedAt: string; } | { ...; } | { ...; }...' is not assignable to parameter of type 'SetStateAction<({ id: string; courseId: string; title: string; description: string; order: number; lessons: ({ id: string; courseId: string; sectionId: string; title: string; slug: string; description: string; ... 8 more ...; updatedAt: string; } | { ...; })[]; } | { ...; })[]>'.
  Type '({ lessons: ({ id: string; courseId: string; sectionId: string; title: string; slug: string; description: string; order: number; contentType: "video"; videoUrl: string; videoDuration: number; isPreview: boolean; isMandatory: boolean; isPublished: boolean; createdAt: string; updatedAt: string; } | { ...; } | { ...; }...' is not assignable to type '({ id: string; courseId: string; title: string; description: string; order: number; lessons: ({ id: string; courseId: string; sectionId: string; title: string; slug: string; description: string; order: number; ... 7 more ...; updatedAt: string; } | { ...; })[]; } | { ...; })[]'.
    Type '{ lessons: ({ id: string; courseId: string; sectionId: string; title: string; slug: string; description: string; order: number; contentType: "video"; videoUrl: string; videoDuration: number; isPreview: boolean; isMandatory: boolean; isPublished: boolean; createdAt: string; updatedAt: string; } | { ...; } | { ...; } ...' is not assignable to type '{ id: string; courseId: string; title: string; description: string; order: number; lessons: ({ id: string; courseId: string; sectionId: string; title: string; slug: string; description: string; order: number; ... 7 more ...; updatedAt: string; } | { ...; })[]; } | { ...; }'.
      Type '{ lessons: ({ id: string; courseId: string; sectionId: string; title: string; slug: string; description: string; order: number; contentType: "video"; videoUrl: string; videoDuration: number; isPreview: boolean; isMandatory: boolean; isPublished: boolean; createdAt: string; updatedAt: string; } | { ...; } | { ...; } ...' is not assignable to type '{ id: string; courseId: string; title: string; description: string; order: number; lessons: ({ id: string; courseId: string; sectionId: string; title: string; slug: string; description: string; order: number; ... 7 more ...; updatedAt: string; } | { ...; })[]; } | { ...; }'.
        Type '{ lessons: ({ id: string; courseId: string; sectionId: string; title: string; slug: string; description: string; order: number; contentType: "video"; videoUrl: string; videoDuration: number; isPreview: boolean; isMandatory: boolean; isPublished: boolean; createdAt: string; updatedAt: string; } | { ...; } | { ...; } ...' is not assignable to type '{ id: string; courseId: string; title: string; description: string; order: number; lessons: ({ id: string; courseId: string; sectionId: string; title: string; slug: string; description: string; order: number; ... 8 more ...; articleContent?: undefined; } | { ...; })[]; }'.
          Types of property 'lessons' are incompatible.
            Type '({ id: string; courseId: string; sectionId: string; title: string; slug: string; description: string; order: number; contentType: "video"; videoUrl: string; videoDuration: number; isPreview: boolean; isMandatory: boolean; isPublished: boolean; createdAt: string; updatedAt: string; } | { ...; } | { ...; } | { ...; })[]' is not assignable to type '({ id: string; courseId: string; sectionId: string; title: string; slug: string; description: string; order: number; contentType: "video"; videoUrl: string; videoDuration: number; isPreview: boolean; ... 4 more ...; articleContent?: undefined; } | { ...; })[]'.
              Type '{ id: string; courseId: string; sectionId: string; title: string; slug: string; description: string; order: number; contentType: "video"; videoUrl: string; videoDuration: number; isPreview: boolean; isMandatory: boolean; isPublished: boolean; createdAt: string; updatedAt: string; } | { ...; } | { ...; } | { ...; }' is not assignable to type '{ id: string; courseId: string; sectionId: string; title: string; slug: string; description: string; order: number; contentType: "video"; videoUrl: string; videoDuration: number; isPreview: boolean; ... 4 more ...; articleContent?: undefined; } | { ...; }'.
                Type '{ id: string; courseId: string; sectionId: string; title: string; slug: string; description: string; order: number; contentType: "quiz"; isMandatory: boolean; isPublished: boolean; createdAt: string; updatedAt: string; videoUrl?: undefined; videoDuration?: undefined; isPreview?: undefined; }' is not assignable to type '{ id: string; courseId: string; sectionId: string; title: string; slug: string; description: string; order: number; contentType: "video"; videoUrl: string; videoDuration: number; isPreview: boolean; ... 4 more ...; articleContent?: undefined; } | { ...; }'.
                  Property 'articleContent' is missing in type '{ id: string; courseId: string; sectionId: string; title: string; slug: string; description: string; order: number; contentType: "quiz"; isMandatory: boolean; isPublished: boolean; createdAt: string; updatedAt: string; videoUrl?: undefined; videoDuration?: undefined; isPreview?: undefined; }' but required in type '{ id: string; courseId: string; sectionId: string; title: string; slug: string; description: string; order: number; contentType: "article"; articleContent: string; isMandatory: boolean; isPublished: boolean; ... 4 more ...; isPreview?: undefined; }'.
app/dashboard/courses/[id]/lessons/page.tsx(227,17): error TS2345: Argument of type '({ lessons: ({ id: string; courseId: string; sectionId: string; title: string; slug: string; description: string; order: number; contentType: "video"; videoUrl: string; videoDuration: number; isPreview: boolean; isMandatory: boolean; isPublished: boolean; createdAt: string; updatedAt: string; } | { ...; } | { ...; }...' is not assignable to parameter of type 'SetStateAction<({ id: string; courseId: string; title: string; description: string; order: number; lessons: ({ id: string; courseId: string; sectionId: string; title: string; slug: string; description: string; ... 8 more ...; updatedAt: string; } | { ...; })[]; } | { ...; })[]>'.
  Type '({ lessons: ({ id: string; courseId: string; sectionId: string; title: string; slug: string; description: string; order: number; contentType: "video"; videoUrl: string; videoDuration: number; isPreview: boolean; isMandatory: boolean; isPublished: boolean; createdAt: string; updatedAt: string; } | { ...; } | { ...; }...' is not assignable to type '({ id: string; courseId: string; title: string; description: string; order: number; lessons: ({ id: string; courseId: string; sectionId: string; title: string; slug: string; description: string; order: number; ... 7 more ...; updatedAt: string; } | { ...; })[]; } | { ...; })[]'.
    Type '{ lessons: ({ id: string; courseId: string; sectionId: string; title: string; slug: string; description: string; order: number; contentType: "video"; videoUrl: string; videoDuration: number; isPreview: boolean; isMandatory: boolean; isPublished: boolean; createdAt: string; updatedAt: string; } | { ...; } | { ...; } ...' is not assignable to type '{ id: string; courseId: string; title: string; description: string; order: number; lessons: ({ id: string; courseId: string; sectionId: string; title: string; slug: string; description: string; order: number; ... 7 more ...; updatedAt: string; } | { ...; })[]; } | { ...; }'.
      Type '{ lessons: ({ id: string; courseId: string; sectionId: string; title: string; slug: string; description: string; order: number; contentType: "video"; videoUrl: string; videoDuration: number; isPreview: boolean; isMandatory: boolean; isPublished: boolean; createdAt: string; updatedAt: string; } | { ...; } | { ...; } ...' is not assignable to type '{ id: string; courseId: string; title: string; description: string; order: number; lessons: ({ id: string; courseId: string; sectionId: string; title: string; slug: string; description: string; order: number; ... 7 more ...; updatedAt: string; } | { ...; })[]; } | { ...; }'.
        Type '{ lessons: ({ id: string; courseId: string; sectionId: string; title: string; slug: string; description: string; order: number; contentType: "video"; videoUrl: string; videoDuration: number; isPreview: boolean; isMandatory: boolean; isPublished: boolean; createdAt: string; updatedAt: string; } | { ...; } | { ...; } ...' is not assignable to type '{ id: string; courseId: string; title: string; description: string; order: number; lessons: ({ id: string; courseId: string; sectionId: string; title: string; slug: string; description: string; order: number; ... 8 more ...; articleContent?: undefined; } | { ...; })[]; }'.
          Types of property 'lessons' are incompatible.
            Type '({ id: string; courseId: string; sectionId: string; title: string; slug: string; description: string; order: number; contentType: "video"; videoUrl: string; videoDuration: number; isPreview: boolean; isMandatory: boolean; isPublished: boolean; createdAt: string; updatedAt: string; } | { ...; } | { ...; } | { ...; })[]' is not assignable to type '({ id: string; courseId: string; sectionId: string; title: string; slug: string; description: string; order: number; contentType: "video"; videoUrl: string; videoDuration: number; isPreview: boolean; ... 4 more ...; articleContent?: undefined; } | { ...; })[]'.
              Type '{ id: string; courseId: string; sectionId: string; title: string; slug: string; description: string; order: number; contentType: "video"; videoUrl: string; videoDuration: number; isPreview: boolean; isMandatory: boolean; isPublished: boolean; createdAt: string; updatedAt: string; } | { ...; } | { ...; } | { ...; }' is not assignable to type '{ id: string; courseId: string; sectionId: string; title: string; slug: string; description: string; order: number; contentType: "video"; videoUrl: string; videoDuration: number; isPreview: boolean; ... 4 more ...; articleContent?: undefined; } | { ...; }'.
                Type '{ id: string; courseId: string; sectionId: string; title: string; slug: string; description: string; order: number; contentType: "quiz"; isMandatory: boolean; isPublished: boolean; createdAt: string; updatedAt: string; videoUrl?: undefined; videoDuration?: undefined; isPreview?: undefined; }' is not assignable to type '{ id: string; courseId: string; sectionId: string; title: string; slug: string; description: string; order: number; contentType: "video"; videoUrl: string; videoDuration: number; isPreview: boolean; ... 4 more ...; articleContent?: undefined; } | { ...; }'.
                  Property 'articleContent' is missing in type '{ id: string; courseId: string; sectionId: string; title: string; slug: string; description: string; order: number; contentType: "quiz"; isMandatory: boolean; isPublished: boolean; createdAt: string; updatedAt: string; videoUrl?: undefined; videoDuration?: undefined; isPreview?: undefined; }' but required in type '{ id: string; courseId: string; sectionId: string; title: string; slug: string; description: string; order: number; contentType: "article"; articleContent: string; isMandatory: boolean; isPublished: boolean; ... 4 more ...; isPreview?: undefined; }'.
app/dashboard/finance/accounts/[id]/edit/page.tsx(8,30): error TS2305: Module '"@/lib/select-options"' has no exported member 'pspProviderOptions'.
app/dashboard/finance/accounts/[id]/page.tsx(203,62): error TS2345: Argument of type '{ code: string; symbol: string; symbolPosition: "before"; decimalPlaces: number; }' is not assignable to parameter of type 'Currency'.
  Type '{ code: string; symbol: string; symbolPosition: "before"; decimalPlaces: number; }' is missing the following properties from type 'Currency': id, name, isDefault, isActive, and 2 more.
app/dashboard/finance/accounts/[id]/page.tsx(212,93): error TS2345: Argument of type '{ code: string; symbol: string; symbolPosition: "before"; decimalPlaces: number; }' is not assignable to parameter of type 'Currency'.
  Type '{ code: string; symbol: string; symbolPosition: "before"; decimalPlaces: number; }' is missing the following properties from type 'Currency': id, name, isDefault, isActive, and 2 more.
app/dashboard/finance/accounts/[id]/page.tsx(224,69): error TS2345: Argument of type '{ code: string; symbol: string; symbolPosition: "before"; decimalPlaces: number; }' is not assignable to parameter of type 'Currency'.
  Type '{ code: string; symbol: string; symbolPosition: "before"; decimalPlaces: number; }' is missing the following properties from type 'Currency': id, name, isDefault, isActive, and 2 more.
app/dashboard/finance/accounts/[id]/page.tsx(243,94): error TS2345: Argument of type '{ code: string; symbol: string; symbolPosition: "before"; decimalPlaces: number; }' is not assignable to parameter of type 'Currency'.
  Type '{ code: string; symbol: string; symbolPosition: "before"; decimalPlaces: number; }' is missing the following properties from type 'Currency': id, name, isDefault, isActive, and 2 more.
app/dashboard/finance/accounts/[id]/page.tsx(427,69): error TS2345: Argument of type '{ code: string; symbol: string; symbolPosition: "before"; decimalPlaces: number; }' is not assignable to parameter of type 'Currency'.
  Type '{ code: string; symbol: string; symbolPosition: "before"; decimalPlaces: number; }' is missing the following properties from type 'Currency': id, name, isDefault, isActive, and 2 more.
app/dashboard/finance/accounts/new/page.tsx(8,56): error TS2305: Module '"@/lib/select-options"' has no exported member 'pspProviderOptions'.
app/dashboard/finance/accounts/page.tsx(222,47): error TS2345: Argument of type '{ code: string; symbol: string; symbolPosition: "before"; decimalPlaces: number; }' is not assignable to parameter of type 'Currency'.
  Type '{ code: string; symbol: string; symbolPosition: "before"; decimalPlaces: number; }' is missing the following properties from type 'Currency': id, name, isDefault, isActive, and 2 more.
app/dashboard/finance/accounts/page.tsx(316,76): error TS2345: Argument of type '{ code: string; symbol: string; symbolPosition: "before"; decimalPlaces: number; } | { code: string; symbol: string; symbolPosition: "before"; decimalPlaces: number; } | { code: string; symbol: string; symbolPosition: "before"; decimalPlaces: number; } | { ...; }' is not assignable to parameter of type 'Currency'.
  Type '{ code: string; symbol: string; symbolPosition: "before"; decimalPlaces: number; }' is missing the following properties from type 'Currency': id, name, isDefault, isActive, and 2 more.
app/dashboard/finance/categories/page.tsx(103,61): error TS2345: Argument of type '{ code: string; symbol: string; symbolPosition: "before"; decimalPlaces: number; }' is not assignable to parameter of type 'Currency'.
  Type '{ code: string; symbol: string; symbolPosition: "before"; decimalPlaces: number; }' is missing the following properties from type 'Currency': id, name, isDefault, isActive, and 2 more.
app/dashboard/finance/categories/page.tsx(110,62): error TS2345: Argument of type '{ code: string; symbol: string; symbolPosition: "before"; decimalPlaces: number; }' is not assignable to parameter of type 'Currency'.
  Type '{ code: string; symbol: string; symbolPosition: "before"; decimalPlaces: number; }' is missing the following properties from type 'Currency': id, name, isDefault, isActive, and 2 more.
app/dashboard/finance/categories/page.tsx(189,46): error TS2345: Argument of type '{ code: string; symbol: string; symbolPosition: "before"; decimalPlaces: number; }' is not assignable to parameter of type 'Currency'.
  Type '{ code: string; symbol: string; symbolPosition: "before"; decimalPlaces: number; }' is missing the following properties from type 'Currency': id, name, isDefault, isActive, and 2 more.
app/dashboard/finance/categories/page.tsx(199,48): error TS2345: Argument of type '{ code: string; symbol: string; symbolPosition: "before"; decimalPlaces: number; }' is not assignable to parameter of type 'Currency'.
  Type '{ code: string; symbol: string; symbolPosition: "before"; decimalPlaces: number; }' is missing the following properties from type 'Currency': id, name, isDefault, isActive, and 2 more.
app/dashboard/finance/contacts/[id]/page.tsx(37,11): error TS2353: Object literal may only specify known properties, and 'billingAddress' does not exist in type 'Contact'.
app/dashboard/finance/contacts/[id]/page.tsx(197,61): error TS2345: Argument of type '{ code: string; symbol: string; symbolPosition: "before"; decimalPlaces: number; }' is not assignable to parameter of type 'Currency'.
  Type '{ code: string; symbol: string; symbolPosition: "before"; decimalPlaces: number; }' is missing the following properties from type 'Currency': id, name, isDefault, isActive, and 2 more.
app/dashboard/finance/contacts/[id]/page.tsx(223,79): error TS2345: Argument of type '{ code: string; symbol: string; symbolPosition: "before"; decimalPlaces: number; }' is not assignable to parameter of type 'Currency'.
  Type '{ code: string; symbol: string; symbolPosition: "before"; decimalPlaces: number; }' is missing the following properties from type 'Currency': id, name, isDefault, isActive, and 2 more.
app/dashboard/finance/contacts/[id]/page.tsx(355,17): error TS2339: Property 'billingAddress' does not exist on type 'Contact'.
app/dashboard/finance/contacts/[id]/page.tsx(355,43): error TS2339: Property 'shippingAddress' does not exist on type 'Contact'.
app/dashboard/finance/contacts/[id]/page.tsx(361,22): error TS2339: Property 'billingAddress' does not exist on type 'Contact'.
app/dashboard/finance/contacts/[id]/page.tsx(364,72): error TS2339: Property 'billingAddress' does not exist on type 'Contact'.
app/dashboard/finance/contacts/[id]/page.tsx(369,22): error TS2339: Property 'shippingAddress' does not exist on type 'Contact'.
app/dashboard/finance/contacts/[id]/page.tsx(372,72): error TS2339: Property 'shippingAddress' does not exist on type 'Contact'.
app/dashboard/finance/contacts/[id]/page.tsx(452,57): error TS2345: Argument of type '{ code: string; symbol: string; symbolPosition: "before"; decimalPlaces: number; }' is not assignable to parameter of type 'Currency'.
  Type '{ code: string; symbol: string; symbolPosition: "before"; decimalPlaces: number; }' is missing the following properties from type 'Currency': id, name, isDefault, isActive, and 2 more.
app/dashboard/finance/contacts/page.tsx(191,50): error TS2345: Argument of type '{ code: string; symbol: string; symbolPosition: "before"; decimalPlaces: number; }' is not assignable to parameter of type 'Currency'.
  Type '{ code: string; symbol: string; symbolPosition: "before"; decimalPlaces: number; }' is missing the following properties from type 'Currency': id, name, isDefault, isActive, and 2 more.
app/dashboard/finance/contacts/page.tsx(202,47): error TS2345: Argument of type '{ code: string; symbol: string; symbolPosition: "before"; decimalPlaces: number; }' is not assignable to parameter of type 'Currency'.
  Type '{ code: string; symbol: string; symbolPosition: "before"; decimalPlaces: number; }' is missing the following properties from type 'Currency': id, name, isDefault, isActive, and 2 more.
app/dashboard/finance/contacts/page.tsx(332,73): error TS2345: Argument of type '{ code: string; symbol: string; symbolPosition: "before"; decimalPlaces: number; }' is not assignable to parameter of type 'Currency'.
  Type '{ code: string; symbol: string; symbolPosition: "before"; decimalPlaces: number; }' is missing the following properties from type 'Currency': id, name, isDefault, isActive, and 2 more.
app/dashboard/finance/reconciliation/[id]/page.tsx(179,66): error TS2345: Argument of type '{ code: string; symbol: string; symbolPosition: "before"; decimalPlaces: number; }' is not assignable to parameter of type 'Currency'.
  Type '{ code: string; symbol: string; symbolPosition: "before"; decimalPlaces: number; }' is missing the following properties from type 'Currency': id, name, isDefault, isActive, and 2 more.
app/dashboard/finance/reconciliation/[id]/page.tsx(190,61): error TS2345: Argument of type '{ code: string; symbol: string; symbolPosition: "before"; decimalPlaces: number; }' is not assignable to parameter of type 'Currency'.
  Type '{ code: string; symbol: string; symbolPosition: "before"; decimalPlaces: number; }' is missing the following properties from type 'Currency': id, name, isDefault, isActive, and 2 more.
app/dashboard/finance/reconciliation/[id]/page.tsx(207,60): error TS2345: Argument of type '{ code: string; symbol: string; symbolPosition: "before"; decimalPlaces: number; }' is not assignable to parameter of type 'Currency'.
  Type '{ code: string; symbol: string; symbolPosition: "before"; decimalPlaces: number; }' is missing the following properties from type 'Currency': id, name, isDefault, isActive, and 2 more.
app/dashboard/finance/reconciliation/[id]/page.tsx(323,55): error TS2345: Argument of type '{ code: string; symbol: string; symbolPosition: "before"; decimalPlaces: number; }' is not assignable to parameter of type 'Currency'.
  Type '{ code: string; symbol: string; symbolPosition: "before"; decimalPlaces: number; }' is missing the following properties from type 'Currency': id, name, isDefault, isActive, and 2 more.
app/dashboard/finance/reconciliation/[id]/page.tsx(362,55): error TS2345: Argument of type '{ code: string; symbol: string; symbolPosition: "before"; decimalPlaces: number; }' is not assignable to parameter of type 'Currency'.
  Type '{ code: string; symbol: string; symbolPosition: "before"; decimalPlaces: number; }' is missing the following properties from type 'Currency': id, name, isDefault, isActive, and 2 more.
app/dashboard/finance/reconciliation/[id]/page.tsx(374,59): error TS2345: Argument of type '{ code: string; symbol: string; symbolPosition: "before"; decimalPlaces: number; }' is not assignable to parameter of type 'Currency'.
  Type '{ code: string; symbol: string; symbolPosition: "before"; decimalPlaces: number; }' is missing the following properties from type 'Currency': id, name, isDefault, isActive, and 2 more.
app/dashboard/finance/reconciliation/new/page.tsx(161,77): error TS2345: Argument of type '{ code: string; symbol: string; symbolPosition: "before"; decimalPlaces: number; }' is not assignable to parameter of type 'Currency'.
  Type '{ code: string; symbol: string; symbolPosition: "before"; decimalPlaces: number; }' is missing the following properties from type 'Currency': id, name, isDefault, isActive, and 2 more.
app/dashboard/finance/reconciliation/new/page.tsx(178,68): error TS2345: Argument of type '{ code: string; symbol: string; symbolPosition: "before"; decimalPlaces: number; }' is not assignable to parameter of type 'Currency'.
  Type '{ code: string; symbol: string; symbolPosition: "before"; decimalPlaces: number; }' is missing the following properties from type 'Currency': id, name, isDefault, isActive, and 2 more.
app/dashboard/finance/reconciliation/new/page.tsx(257,61): error TS2345: Argument of type '{ code: string; symbol: string; symbolPosition: "before"; decimalPlaces: number; }' is not assignable to parameter of type 'Currency'.
  Type '{ code: string; symbol: string; symbolPosition: "before"; decimalPlaces: number; }' is missing the following properties from type 'Currency': id, name, isDefault, isActive, and 2 more.
app/dashboard/finance/reconciliation/new/page.tsx(310,53): error TS2345: Argument of type '{ code: string; symbol: string; symbolPosition: "before"; decimalPlaces: number; }' is not assignable to parameter of type 'Currency'.
  Type '{ code: string; symbol: string; symbolPosition: "before"; decimalPlaces: number; }' is missing the following properties from type 'Currency': id, name, isDefault, isActive, and 2 more.
app/dashboard/finance/reconciliation/page.tsx(203,51): error TS2345: Argument of type '{ code: string; symbol: string; symbolPosition: "before"; decimalPlaces: number; }' is not assignable to parameter of type 'Currency'.
  Type '{ code: string; symbol: string; symbolPosition: "before"; decimalPlaces: number; }' is missing the following properties from type 'Currency': id, name, isDefault, isActive, and 2 more.
app/dashboard/finance/reconciliation/page.tsx(305,65): error TS2345: Argument of type '{ code: string; symbol: string; symbolPosition: "before"; decimalPlaces: number; }' is not assignable to parameter of type 'Currency'.
  Type '{ code: string; symbol: string; symbolPosition: "before"; decimalPlaces: number; }' is missing the following properties from type 'Currency': id, name, isDefault, isActive, and 2 more.
app/dashboard/finance/reconciliation/page.tsx(308,60): error TS2345: Argument of type '{ code: string; symbol: string; symbolPosition: "before"; decimalPlaces: number; }' is not assignable to parameter of type 'Currency'.
  Type '{ code: string; symbol: string; symbolPosition: "before"; decimalPlaces: number; }' is missing the following properties from type 'Currency': id, name, isDefault, isActive, and 2 more.
app/dashboard/finance/reconciliation/page.tsx(316,63): error TS2345: Argument of type '{ code: string; symbol: string; symbolPosition: "before"; decimalPlaces: number; }' is not assignable to parameter of type 'Currency'.
  Type '{ code: string; symbol: string; symbolPosition: "before"; decimalPlaces: number; }' is missing the following properties from type 'Currency': id, name, isDefault, isActive, and 2 more.
app/dashboard/finance/recurring/page.tsx(207,48): error TS2345: Argument of type '{ code: string; symbol: string; symbolPosition: "before"; decimalPlaces: number; }' is not assignable to parameter of type 'Currency'.
  Type '{ code: string; symbol: string; symbolPosition: "before"; decimalPlaces: number; }' is missing the following properties from type 'Currency': id, name, isDefault, isActive, and 2 more.
app/dashboard/finance/recurring/page.tsx(218,50): error TS2345: Argument of type '{ code: string; symbol: string; symbolPosition: "before"; decimalPlaces: number; }' is not assignable to parameter of type 'Currency'.
  Type '{ code: string; symbol: string; symbolPosition: "before"; decimalPlaces: number; }' is missing the following properties from type 'Currency': id, name, isDefault, isActive, and 2 more.
app/dashboard/finance/recurring/page.tsx(349,55): error TS2345: Argument of type '{ code: string; symbol: string; symbolPosition: "before"; decimalPlaces: number; }' is not assignable to parameter of type 'Currency'.
  Type '{ code: string; symbol: string; symbolPosition: "before"; decimalPlaces: number; }' is missing the following properties from type 'Currency': id, name, isDefault, isActive, and 2 more.
app/dashboard/finance/settings/currencies/[id]/edit/page.tsx(8,33): error TS2305: Module '"@/lib/select-options"' has no exported member 'fxProviderOptions'.
app/dashboard/finance/settings/currencies/new/page.tsx(8,55): error TS2305: Module '"@/lib/select-options"' has no exported member 'fxProviderOptions'.
app/dashboard/finance/transactions/[id]/page.tsx(51,13): error TS2353: Object literal may only specify known properties, and 'fromCurrency' does not exist in type 'FXSnapshot'.
app/dashboard/finance/transactions/[id]/page.tsx(207,53): error TS2345: Argument of type '{ code: string; symbol: string; symbolPosition: "before"; decimalPlaces: number; } | { code: string; symbol: string; symbolPosition: "before"; decimalPlaces: number; }' is not assignable to parameter of type 'Currency'.
  Type '{ code: string; symbol: string; symbolPosition: "before"; decimalPlaces: number; }' is missing the following properties from type 'Currency': id, name, isDefault, isActive, and 2 more.
app/dashboard/finance/transactions/[id]/page.tsx(238,58): error TS2345: Argument of type '{ code: string; symbol: string; symbolPosition: "before"; decimalPlaces: number; } | { code: string; symbol: string; symbolPosition: "before"; decimalPlaces: number; }' is not assignable to parameter of type 'Currency'.
  Type '{ code: string; symbol: string; symbolPosition: "before"; decimalPlaces: number; }' is missing the following properties from type 'Currency': id, name, isDefault, isActive, and 2 more.
app/dashboard/finance/transactions/[id]/page.tsx(340,57): error TS2339: Property 'fromCurrency' does not exist on type 'FXSnapshot'.
app/dashboard/finance/transactions/[id]/page.tsx(340,97): error TS2339: Property 'toCurrency' does not exist on type 'FXSnapshot'.
app/dashboard/finance/transactions/[id]/page.tsx(347,87): error TS2339: Property 'fromCurrency' does not exist on type 'FXSnapshot'.
app/dashboard/finance/transactions/[id]/page.tsx(352,87): error TS2339: Property 'toCurrency' does not exist on type 'FXSnapshot'.
app/dashboard/finance/transactions/[id]/page.tsx(362,88): error TS2339: Property 'snapshotAt' does not exist on type 'FXSnapshot'.
app/dashboard/finance/transactions/[id]/page.tsx(380,26): error TS2551: Property 'sourceAccountName' does not exist on type 'FinanceTransaction'. Did you mean 'sourceAccountId'?
app/dashboard/finance/transactions/[id]/page.tsx(383,68): error TS2551: Property 'sourceAccountName' does not exist on type 'FinanceTransaction'. Did you mean 'sourceAccountId'?
app/dashboard/finance/transactions/[id]/page.tsx(387,26): error TS2551: Property 'destinationAccountName' does not exist on type 'FinanceTransaction'. Did you mean 'destinationAccountId'?
app/dashboard/finance/transactions/[id]/page.tsx(390,68): error TS2551: Property 'destinationAccountName' does not exist on type 'FinanceTransaction'. Did you mean 'destinationAccountId'?
app/dashboard/finance/transactions/[id]/page.tsx(397,98): error TS2345: Argument of type '{ code: string; symbol: string; symbolPosition: "before"; decimalPlaces: number; } | { code: string; symbol: string; symbolPosition: "before"; decimalPlaces: number; }' is not assignable to parameter of type 'Currency'.
  Type '{ code: string; symbol: string; symbolPosition: "before"; decimalPlaces: number; }' is missing the following properties from type 'Currency': id, name, isDefault, isActive, and 2 more.
app/dashboard/finance/transactions/[id]/page.tsx(420,78): error TS2551: Property 'filename' does not exist on type 'TransactionAttachment'. Did you mean 'fileName'?
app/dashboard/finance/transactions/[id]/page.tsx(421,68): error TS2339: Property 'size' does not exist on type 'TransactionAttachment'.
app/dashboard/finance/transactions/[id]/page.tsx(424,36): error TS2339: Property 'url' does not exist on type 'TransactionAttachment'.
app/dashboard/finance/transactions/[id]/page.tsx(445,90): error TS2345: Argument of type '"full"' is not assignable to parameter of type '"long" | "short" | undefined'.
app/dashboard/finance/transactions/[id]/page.tsx(450,63): error TS2345: Argument of type 'Date | undefined' is not assignable to parameter of type 'Date'.
  Type 'undefined' is not assignable to type 'Date'.
app/dashboard/finance/transactions/page.tsx(230,46): error TS2345: Argument of type '{ code: string; symbol: string; symbolPosition: "before"; decimalPlaces: number; }' is not assignable to parameter of type 'Currency'.
  Type '{ code: string; symbol: string; symbolPosition: "before"; decimalPlaces: number; }' is missing the following properties from type 'Currency': id, name, isDefault, isActive, and 2 more.
app/dashboard/finance/transactions/page.tsx(241,48): error TS2345: Argument of type '{ code: string; symbol: string; symbolPosition: "before"; decimalPlaces: number; }' is not assignable to parameter of type 'Currency'.
  Type '{ code: string; symbol: string; symbolPosition: "before"; decimalPlaces: number; }' is missing the following properties from type 'Currency': id, name, isDefault, isActive, and 2 more.
app/dashboard/finance/transactions/page.tsx(252,62): error TS2345: Argument of type '{ code: string; symbol: string; symbolPosition: "before"; decimalPlaces: number; }' is not assignable to parameter of type 'Currency'.
  Type '{ code: string; symbol: string; symbolPosition: "before"; decimalPlaces: number; }' is missing the following properties from type 'Currency': id, name, isDefault, isActive, and 2 more.
app/dashboard/finance/transactions/page.tsx(406,73): error TS2345: Argument of type '{ code: string; symbol: string; symbolPosition: "before"; decimalPlaces: number; } | { code: string; symbol: string; symbolPosition: "before"; decimalPlaces: number; }' is not assignable to parameter of type 'Currency'.
  Type '{ code: string; symbol: string; symbolPosition: "before"; decimalPlaces: number; }' is missing the following properties from type 'Currency': id, name, isDefault, isActive, and 2 more.
app/dashboard/help/articles/[slug]/page.tsx(225,29): error TS2769: No overload matches this call.
  Overload 1 of 4, '(value: string | number | Date): Date', gave the following error.
    Argument of type 'string | undefined' is not assignable to parameter of type 'string | number | Date'.
      Type 'undefined' is not assignable to type 'string | number | Date'.
  Overload 2 of 4, '(value: string | number): Date', gave the following error.
    Argument of type 'string | undefined' is not assignable to parameter of type 'string | number'.
      Type 'undefined' is not assignable to type 'string | number'.
app/dashboard/help/faqs/page.tsx(22,15): error TS2305: Module '"@/types/help"' has no exported member 'FAQCategory'.
app/dashboard/help/faqs/page.tsx(24,3): error TS2724: '"@/lib/help-utils"' has no exported member named 'getFAQCategoryColor'. Did you mean 'getCategoryColor'?
app/dashboard/help/faqs/page.tsx(25,3): error TS2724: '"@/lib/help-utils"' has no exported member named 'formatFAQCategory'. Did you mean 'formatCategory'?
app/dashboard/help/faqs/page.tsx(27,3): error TS2724: '"@/lib/help-utils"' has no exported member named 'sortFAQsByPopularity'. Did you mean 'sortArticlesByPopularity'?
app/dashboard/help/faqs/page.tsx(28,3): error TS2305: Module '"@/lib/help-utils"' has no exported member 'sortFAQsByRecent'.
app/dashboard/help/faqs/page.tsx(29,3): error TS2305: Module '"@/lib/help-utils"' has no exported member 'sortFAQsByHelpfulRate'.
app/dashboard/help/faqs/page.tsx(39,5): error TS2322: Type '"account"' is not assignable to type 'ArticleCategory'.
app/dashboard/help/faqs/page.tsx(55,5): error TS2353: Object literal may only specify known properties, and 'tags' does not exist in type 'FAQ'.
app/dashboard/help/faqs/page.tsx(70,5): error TS2353: Object literal may only specify known properties, and 'tags' does not exist in type 'FAQ'.
app/dashboard/help/faqs/page.tsx(84,5): error TS2322: Type '"account"' is not assignable to type 'ArticleCategory'.
app/dashboard/help/faqs/page.tsx(99,5): error TS2322: Type '"technical"' is not assignable to type 'ArticleCategory'.
app/dashboard/help/faqs/page.tsx(114,5): error TS2322: Type '"technical"' is not assignable to type 'ArticleCategory'.
app/dashboard/help/faqs/page.tsx(130,5): error TS2353: Object literal may only specify known properties, and 'tags' does not exist in type 'FAQ'.
app/dashboard/help/faqs/page.tsx(145,5): error TS2353: Object literal may only specify known properties, and 'tags' does not exist in type 'FAQ'.
app/dashboard/help/faqs/page.tsx(160,5): error TS2353: Object literal may only specify known properties, and 'tags' does not exist in type 'FAQ'.
app/dashboard/help/faqs/page.tsx(174,5): error TS2322: Type '"account"' is not assignable to type 'ArticleCategory'.
app/dashboard/help/faqs/page.tsx(190,5): error TS2353: Object literal may only specify known properties, and 'tags' does not exist in type 'FAQ'.
app/dashboard/help/faqs/page.tsx(205,5): error TS2353: Object literal may only specify known properties, and 'tags' does not exist in type 'FAQ'.
app/dashboard/help/faqs/page.tsx(220,5): error TS2353: Object literal may only specify known properties, and 'tags' does not exist in type 'FAQ'.
app/dashboard/help/faqs/page.tsx(234,5): error TS2322: Type '"general"' is not assignable to type 'ArticleCategory'.
app/dashboard/help/faqs/page.tsx(249,5): error TS2322: Type '"general"' is not assignable to type 'ArticleCategory'.
app/dashboard/help/faqs/page.tsx(264,5): error TS2322: Type '"technical"' is not assignable to type 'ArticleCategory'.
app/dashboard/help/faqs/page.tsx(280,5): error TS2353: Object literal may only specify known properties, and 'tags' does not exist in type 'FAQ'.
app/dashboard/help/faqs/page.tsx(295,5): error TS2353: Object literal may only specify known properties, and 'tags' does not exist in type 'FAQ'.
app/dashboard/help/faqs/page.tsx(329,31): error TS2339: Property 'isPublished' does not exist on type 'FAQ'.
app/dashboard/help/faqs/page.tsx(342,11): error TS2339: Property 'tags' does not exist on type 'FAQ'.
app/dashboard/help/faqs/page.tsx(342,21): error TS7006: Parameter 'tag' implicitly has an 'any' type.
app/dashboard/help/faqs/page.tsx(345,29): error TS2339: Property 'isPublished' does not exist on type 'FAQ'.
app/dashboard/help/faqs/page.tsx(597,26): error TS2339: Property 'tags' does not exist on type 'FAQ'.
app/dashboard/help/faqs/page.tsx(600,30): error TS2339: Property 'tags' does not exist on type 'FAQ'.
app/dashboard/help/faqs/page.tsx(600,40): error TS7006: Parameter 'tag' implicitly has an 'any' type.
app/dashboard/help/faqs/page.tsx(729,47): error TS2339: Property 'isPublished' does not exist on type 'FAQ'.
app/dashboard/help/faqs/page.tsx(745,45): error TS2339: Property 'tags' does not exist on type 'FAQ'.
app/dashboard/invoices/[id]/page.tsx(6,24): error TS2724: '"lucide-react"' has no exported member named 'Print'. Did you mean 'Pin'?
app/dashboard/layout.tsx(219,52): error TS18048: 'item.subItems' is possibly 'undefined'.
app/dashboard/layout.tsx(262,24): error TS18048: 'item.subItems' is possibly 'undefined'.
app/dashboard/products/[id]/edit/page.tsx(9,50): error TS2305: Module '"lucide-react"' has no exported member 'Scanner'.
app/dashboard/products/page.tsx(8,37): error TS2305: Module '"lucide-react"' has no exported member 'Scanner'.
app/dashboard/products/page.tsx(388,26): error TS7053: Element implicitly has an 'any' type because expression of type 'string' can't be used to index type '{ Monitor: ForwardRefExoticComponent<Omit<LucideProps, "ref"> & RefAttributes<SVGSVGElement>>; ... 7 more ...; Audio: ForwardRefExoticComponent<...>; }'.
  No index signature with a parameter of type 'string' was found on type '{ Monitor: ForwardRefExoticComponent<Omit<LucideProps, "ref"> & RefAttributes<SVGSVGElement>>; ... 7 more ...; Audio: ForwardRefExoticComponent<...>; }'.
app/dashboard/products/page.tsx(389,35): error TS7053: Element implicitly has an 'any' type because expression of type 'string' can't be used to index type '{ Monitor: string; Scanner: string; Mouse: string; Printer: string; Keyboard: string; Camera: string; Storage: string; Computer: string; Audio: string; }'.
  No index signature with a parameter of type 'string' was found on type '{ Monitor: string; Scanner: string; Mouse: string; Printer: string; Keyboard: string; Camera: string; Storage: string; Computer: string; Audio: string; }'.
app/dashboard/products/page.tsx(441,75): error TS7053: Element implicitly has an 'any' type because expression of type 'string' can't be used to index type '{ in_stock: string; low_stock: string; out_of_stock: string; discontinued: string; }'.
  No index signature with a parameter of type 'string' was found on type '{ in_stock: string; low_stock: string; out_of_stock: string; discontinued: string; }'.
app/dashboard/products/page.tsx(468,30): error TS7053: Element implicitly has an 'any' type because expression of type 'string' can't be used to index type '{ Monitor: ForwardRefExoticComponent<Omit<LucideProps, "ref"> & RefAttributes<SVGSVGElement>>; ... 7 more ...; Audio: ForwardRefExoticComponent<...>; }'.
  No index signature with a parameter of type 'string' was found on type '{ Monitor: ForwardRefExoticComponent<Omit<LucideProps, "ref"> & RefAttributes<SVGSVGElement>>; ... 7 more ...; Audio: ForwardRefExoticComponent<...>; }'.
app/dashboard/products/page.tsx(503,79): error TS7053: Element implicitly has an 'any' type because expression of type 'string' can't be used to index type '{ in_stock: string; low_stock: string; out_of_stock: string; discontinued: string; }'.
  No index signature with a parameter of type 'string' was found on type '{ in_stock: string; low_stock: string; out_of_stock: string; discontinued: string; }'.
app/dashboard/projects/[id]/page.tsx(203,22): error TS7053: Element implicitly has an 'any' type because expression of type 'string' can't be used to index type '{ planning: { icon: ForwardRefExoticComponent<Omit<LucideProps, "ref"> & RefAttributes<SVGSVGElement>>; color: string; bg: string; label: string; }; in_progress: { ...; }; review: { ...; }; completed: { ...; }; on_hold: { ...; }; }'.
  No index signature with a parameter of type 'string' was found on type '{ planning: { icon: ForwardRefExoticComponent<Omit<LucideProps, "ref"> & RefAttributes<SVGSVGElement>>; color: string; bg: string; label: string; }; in_progress: { ...; }; review: { ...; }; completed: { ...; }; on_hold: { ...; }; }'.
app/dashboard/projects/[id]/page.tsx(232,17): error TS7053: Element implicitly has an 'any' type because expression of type 'string' can't be used to index type '{ planning: { icon: ForwardRefExoticComponent<Omit<LucideProps, "ref"> & RefAttributes<SVGSVGElement>>; color: string; bg: string; label: string; }; in_progress: { ...; }; review: { ...; }; completed: { ...; }; on_hold: { ...; }; }'.
  No index signature with a parameter of type 'string' was found on type '{ planning: { icon: ForwardRefExoticComponent<Omit<LucideProps, "ref"> & RefAttributes<SVGSVGElement>>; color: string; bg: string; label: string; }; in_progress: { ...; }; review: { ...; }; completed: { ...; }; on_hold: { ...; }; }'.
app/dashboard/projects/[id]/page.tsx(233,17): error TS7053: Element implicitly has an 'any' type because expression of type 'string' can't be used to index type '{ planning: { icon: ForwardRefExoticComponent<Omit<LucideProps, "ref"> & RefAttributes<SVGSVGElement>>; color: string; bg: string; label: string; }; in_progress: { ...; }; review: { ...; }; completed: { ...; }; on_hold: { ...; }; }'.
  No index signature with a parameter of type 'string' was found on type '{ planning: { icon: ForwardRefExoticComponent<Omit<LucideProps, "ref"> & RefAttributes<SVGSVGElement>>; color: string; bg: string; label: string; }; in_progress: { ...; }; review: { ...; }; completed: { ...; }; on_hold: { ...; }; }'.
app/dashboard/projects/[id]/page.tsx(236,18): error TS7053: Element implicitly has an 'any' type because expression of type 'string' can't be used to index type '{ planning: { icon: ForwardRefExoticComponent<Omit<LucideProps, "ref"> & RefAttributes<SVGSVGElement>>; color: string; bg: string; label: string; }; in_progress: { ...; }; review: { ...; }; completed: { ...; }; on_hold: { ...; }; }'.
  No index signature with a parameter of type 'string' was found on type '{ planning: { icon: ForwardRefExoticComponent<Omit<LucideProps, "ref"> & RefAttributes<SVGSVGElement>>; color: string; bg: string; label: string; }; in_progress: { ...; }; review: { ...; }; completed: { ...; }; on_hold: { ...; }; }'.
app/dashboard/projects/[id]/page.tsx(488,29): error TS7053: Element implicitly has an 'any' type because expression of type 'string' can't be used to index type '{ urgent: { color: string; bg: string; label: string; }; high: { color: string; bg: string; label: string; }; medium: { color: string; bg: string; label: string; }; low: { color: string; bg: string; label: string; }; }'.
  No index signature with a parameter of type 'string' was found on type '{ urgent: { color: string; bg: string; label: string; }; high: { color: string; bg: string; label: string; }; medium: { color: string; bg: string; label: string; }; low: { color: string; bg: string; label: string; }; }'.
app/dashboard/projects/[id]/page.tsx(489,29): error TS7053: Element implicitly has an 'any' type because expression of type 'string' can't be used to index type '{ urgent: { color: string; bg: string; label: string; }; high: { color: string; bg: string; label: string; }; medium: { color: string; bg: string; label: string; }; low: { color: string; bg: string; label: string; }; }'.
  No index signature with a parameter of type 'string' was found on type '{ urgent: { color: string; bg: string; label: string; }; high: { color: string; bg: string; label: string; }; medium: { color: string; bg: string; label: string; }; low: { color: string; bg: string; label: string; }; }'.
app/dashboard/projects/[id]/page.tsx(491,30): error TS7053: Element implicitly has an 'any' type because expression of type 'string' can't be used to index type '{ urgent: { color: string; bg: string; label: string; }; high: { color: string; bg: string; label: string; }; medium: { color: string; bg: string; label: string; }; low: { color: string; bg: string; label: string; }; }'.
  No index signature with a parameter of type 'string' was found on type '{ urgent: { color: string; bg: string; label: string; }; high: { color: string; bg: string; label: string; }; medium: { color: string; bg: string; label: string; }; low: { color: string; bg: string; label: string; }; }'.
app/dashboard/projects/[id]/page.tsx(533,27): error TS7053: Element implicitly has an 'any' type because expression of type 'string' can't be used to index type '{ todo: { color: string; bg: string; label: string; }; in_progress: { color: string; bg: string; label: string; }; completed: { color: string; bg: string; label: string; }; }'.
  No index signature with a parameter of type 'string' was found on type '{ todo: { color: string; bg: string; label: string; }; in_progress: { color: string; bg: string; label: string; }; completed: { color: string; bg: string; label: string; }; }'.
app/dashboard/projects/[id]/page.tsx(534,27): error TS7053: Element implicitly has an 'any' type because expression of type 'string' can't be used to index type '{ todo: { color: string; bg: string; label: string; }; in_progress: { color: string; bg: string; label: string; }; completed: { color: string; bg: string; label: string; }; }'.
  No index signature with a parameter of type 'string' was found on type '{ todo: { color: string; bg: string; label: string; }; in_progress: { color: string; bg: string; label: string; }; completed: { color: string; bg: string; label: string; }; }'.
app/dashboard/projects/[id]/page.tsx(536,28): error TS7053: Element implicitly has an 'any' type because expression of type 'string' can't be used to index type '{ todo: { color: string; bg: string; label: string; }; in_progress: { color: string; bg: string; label: string; }; completed: { color: string; bg: string; label: string; }; }'.
  No index signature with a parameter of type 'string' was found on type '{ todo: { color: string; bg: string; label: string; }; in_progress: { color: string; bg: string; label: string; }; completed: { color: string; bg: string; label: string; }; }'.
app/dashboard/projects/[id]/page.tsx(540,27): error TS7053: Element implicitly has an 'any' type because expression of type 'string' can't be used to index type '{ urgent: { color: string; bg: string; label: string; }; high: { color: string; bg: string; label: string; }; medium: { color: string; bg: string; label: string; }; low: { color: string; bg: string; label: string; }; }'.
  No index signature with a parameter of type 'string' was found on type '{ urgent: { color: string; bg: string; label: string; }; high: { color: string; bg: string; label: string; }; medium: { color: string; bg: string; label: string; }; low: { color: string; bg: string; label: string; }; }'.
app/dashboard/projects/[id]/page.tsx(541,27): error TS7053: Element implicitly has an 'any' type because expression of type 'string' can't be used to index type '{ urgent: { color: string; bg: string; label: string; }; high: { color: string; bg: string; label: string; }; medium: { color: string; bg: string; label: string; }; low: { color: string; bg: string; label: string; }; }'.
  No index signature with a parameter of type 'string' was found on type '{ urgent: { color: string; bg: string; label: string; }; high: { color: string; bg: string; label: string; }; medium: { color: string; bg: string; label: string; }; low: { color: string; bg: string; label: string; }; }'.
app/dashboard/projects/[id]/page.tsx(543,28): error TS7053: Element implicitly has an 'any' type because expression of type 'string' can't be used to index type '{ urgent: { color: string; bg: string; label: string; }; high: { color: string; bg: string; label: string; }; medium: { color: string; bg: string; label: string; }; low: { color: string; bg: string; label: string; }; }'.
  No index signature with a parameter of type 'string' was found on type '{ urgent: { color: string; bg: string; label: string; }; high: { color: string; bg: string; label: string; }; medium: { color: string; bg: string; label: string; }; low: { color: string; bg: string; label: string; }; }'.
app/dashboard/projects/[id]/page.tsx(623,32): error TS7053: Element implicitly has an 'any' type because expression of type 'string' can't be used to index type '{ pdf: ForwardRefExoticComponent<Omit<LucideProps, "ref"> & RefAttributes<SVGSVGElement>>; doc: ForwardRefExoticComponent<...>; design: ForwardRefExoticComponent<...>; code: ForwardRefExoticComponent<...>; }'.
  No index signature with a parameter of type 'string' was found on type '{ pdf: ForwardRefExoticComponent<Omit<LucideProps, "ref"> & RefAttributes<SVGSVGElement>>; doc: ForwardRefExoticComponent<...>; design: ForwardRefExoticComponent<...>; code: ForwardRefExoticComponent<...>; }'.
app/dashboard/projects/[id]/page.tsx(657,32): error TS7053: Element implicitly has an 'any' type because expression of type 'string' can't be used to index type '{ task: ForwardRefExoticComponent<Omit<LucideProps, "ref"> & RefAttributes<SVGSVGElement>>; comment: ForwardRefExoticComponent<...>; code: ForwardRefExoticComponent<...>; file: ForwardRefExoticComponent<...>; deployment: ForwardRefExoticComponent<...>; }'.
  No index signature with a parameter of type 'string' was found on type '{ task: ForwardRefExoticComponent<Omit<LucideProps, "ref"> & RefAttributes<SVGSVGElement>>; comment: ForwardRefExoticComponent<...>; code: ForwardRefExoticComponent<...>; file: ForwardRefExoticComponent<...>; deployment: ForwardRefExoticComponent<...>; }'.
app/dashboard/projects/[id]/pricing/page.tsx(401,29): error TS18048: 'addon.pricing' is possibly 'undefined'.
app/dashboard/projects/[id]/pricing/page.tsx(404,28): error TS18048: 'addon.pricing' is possibly 'undefined'.
app/dashboard/projects/[id]/pricing/page.tsx(405,28): error TS18048: 'addon.pricing' is possibly 'undefined'.
app/dashboard/projects/[id]/pricing/page.tsx(405,60): error TS18048: 'addon.pricing' is possibly 'undefined'.
app/dashboard/projects/[id]/pricing/page.tsx(409,26): error TS18048: 'addon.pricing' is possibly 'undefined'.
app/dashboard/projects/[id]/pricing/page.tsx(641,63): error TS2322: Type 'string' is not assignable to type '"custom" | "subscription" | "one_time" | "usage_based"'.
app/dashboard/projects/[id]/pricing/page.tsx(692,65): error TS2322: Type 'string' is not assignable to type '"month" | "year"'.
app/dashboard/projects/board/page.tsx(22,5): error TS2322: Type '"design"' is not assignable to type 'TaskType'.
app/dashboard/projects/board/page.tsx(50,5): error TS2322: Type '"backend"' is not assignable to type 'TaskType'.
app/dashboard/projects/board/page.tsx(52,5): error TS2322: Type '"urgent"' is not assignable to type 'TaskPriority'.
app/dashboard/projects/board/page.tsx(77,5): error TS2322: Type '"devops"' is not assignable to type 'TaskType'.
app/dashboard/projects/board/page.tsx(103,5): error TS2322: Type '"backend"' is not assignable to type 'TaskType'.
app/dashboard/projects/board/page.tsx(138,5): error TS2353: Object literal may only specify known properties, and 'timeSpent' does not exist in type 'Task'.
app/dashboard/projects/board/page.tsx(158,5): error TS2322: Type '"testing"' is not assignable to type 'TaskType'.
app/dashboard/projects/board/page.tsx(206,29): error TS2339: Property 'appId' does not exist on type 'Task'.
app/dashboard/projects/board/page.tsx(214,58): error TS2339: Property 'scope' does not exist on type 'Task'.
app/dashboard/projects/board/page.tsx(215,47): error TS2339: Property 'appId' does not exist on type 'Task'.
app/dashboard/projects/documents/page.tsx(107,3): error TS2741: Property 'assignedApps' is missing in type '{ id: string; name: string; type: "document"; extension: string; size: number; uploadedBy: string; uploadedAt: string; version: number; versions: ({ version: number; uploadedBy: string; uploadedAt: string; size: number; changes: string; } | { ...; })[]; ... 4 more ...; lastAccessed: string; }' but required in type 'ProjectFile'.
app/dashboard/projects/documents/page.tsx(127,3): error TS2741: Property 'assignedApps' is missing in type '{ id: string; name: string; type: "other"; extension: string; size: number; uploadedBy: string; uploadedAt: string; version: number; versions: ({ version: number; uploadedBy: string; uploadedAt: string; size: number; changes: string; } | { ...; })[]; ... 4 more ...; lastAccessed: string; }' but required in type 'ProjectFile'.
app/dashboard/projects/documents/page.tsx(146,3): error TS2741: Property 'assignedApps' is missing in type '{ id: string; name: string; type: "document"; extension: string; size: number; uploadedBy: string; uploadedAt: string; version: number; versions: { version: number; uploadedBy: string; uploadedAt: string; size: number; }[]; ... 4 more ...; lastAccessed: string; }' but required in type 'ProjectFile'.
app/dashboard/projects/documents/page.tsx(164,3): error TS2741: Property 'assignedApps' is missing in type '{ id: string; name: string; type: "image"; extension: string; size: number; uploadedBy: string; uploadedAt: string; version: number; versions: { version: number; uploadedBy: string; uploadedAt: string; size: number; }[]; ... 4 more ...; lastAccessed: string; }' but required in type 'ProjectFile'.
app/dashboard/projects/documents/page.tsx(182,3): error TS2741: Property 'assignedApps' is missing in type '{ id: string; name: string; type: "video"; extension: string; size: number; uploadedBy: string; uploadedAt: string; version: number; versions: { version: number; uploadedBy: string; uploadedAt: string; size: number; }[]; ... 4 more ...; lastAccessed: string; }' but required in type 'ProjectFile'.
app/dashboard/projects/documents/page.tsx(200,3): error TS2741: Property 'assignedApps' is missing in type '{ id: string; name: string; type: "archive"; extension: string; size: number; uploadedBy: string; uploadedAt: string; version: number; versions: { version: number; uploadedBy: string; uploadedAt: string; size: number; }[]; ... 4 more ...; lastAccessed: string; }' but required in type 'ProjectFile'.
app/dashboard/projects/documents/page.tsx(755,9): error TS2322: Type 'ProjectFile[]' is not assignable to type 'import("C:/Users/ahmed/Documents/MasHub/MashubV2/types/index").ProjectFile[]'.
  Property 'projectId' is missing in type 'ProjectFile' but required in type 'import("C:/Users/ahmed/Documents/MasHub/MashubV2/types/index").ProjectFile'.
app/dashboard/projects/new/page.tsx(197,18): error TS2322: Type '"web"' is not assignable to type 'AppType'.
app/dashboard/projects/new/page.tsx(212,18): error TS2322: Type '"mobile"' is not assignable to type 'AppType'.
app/dashboard/projects/new/page.tsx(227,18): error TS2322: Type '"api"' is not assignable to type 'AppType'.
app/dashboard/projects/new/page.tsx(242,18): error TS2322: Type '"web"' is not assignable to type 'AppType'.
app/dashboard/projects/new/page.tsx(242,25): error TS2322: Type '"mobile"' is not assignable to type 'AppType'.
app/dashboard/projects/new/page.tsx(242,35): error TS2322: Type '"api"' is not assignable to type 'AppType'.
app/dashboard/projects/roadmap/page.tsx(21,3): error TS2353: Object literal may only specify known properties, and 'budget' does not exist in type 'Project'.
app/dashboard/projects/roadmap/page.tsx(43,5): error TS2353: Object literal may only specify known properties, and 'totalTasks' does not exist in type 'Milestone'.
app/dashboard/projects/roadmap/page.tsx(58,5): error TS2353: Object literal may only specify known properties, and 'totalTasks' does not exist in type 'Milestone'.
app/dashboard/projects/roadmap/page.tsx(73,5): error TS2353: Object literal may only specify known properties, and 'totalTasks' does not exist in type 'Milestone'.
app/dashboard/projects/roadmap/page.tsx(85,5): error TS2322: Type '"pending"' is not assignable to type 'MilestoneStatus'.
app/dashboard/projects/roadmap/page.tsx(99,5): error TS2322: Type '"pending"' is not assignable to type 'MilestoneStatus'.
app/dashboard/projects/roadmap/page.tsx(196,30): error TS2339: Property 'spentAmount' does not exist on type 'Project'.
app/dashboard/projects/roadmap/page.tsx(199,33): error TS2339: Property 'budget' does not exist on type 'Project'.
app/dashboard/projects/roadmap/page.tsx(204,76): error TS2339: Property 'healthScore' does not exist on type 'Project'.
app/dashboard/projects/roadmap/page.tsx(260,38): error TS2551: Property 'completedTasks' does not exist on type 'Milestone'. Did you mean 'completedAt'?
app/dashboard/projects/roadmap/page.tsx(260,65): error TS2339: Property 'totalTasks' does not exist on type 'Milestone'.
app/dashboard/projects/roadmap/page.tsx(298,50): error TS2339: Property 'order' does not exist on type 'Milestone'.
app/dashboard/projects/roadmap/page.tsx(395,36): error TS2551: Property 'completedTasks' does not exist on type 'Milestone'. Did you mean 'completedAt'?
app/dashboard/projects/roadmap/page.tsx(395,63): error TS2339: Property 'totalTasks' does not exist on type 'Milestone'.
app/dashboard/purchases/[id]/page.tsx(261,94): error TS7053: Element implicitly has an 'any' type because expression of type 'string' can't be used to index type '{ pending: string; approved: string; sent: string; confirmed: string; shipped: string; delivered: string; cancelled: string; }'.
  No index signature with a parameter of type 'string' was found on type '{ pending: string; approved: string; sent: string; confirmed: string; shipped: string; delivered: string; cancelled: string; }'.
app/dashboard/purchases/[id]/page.tsx(271,42): error TS7053: Element implicitly has an 'any' type because expression of type 'string' can't be used to index type '{ pending: string; paid: string; overdue: string; cancelled: string; }'.
  No index signature with a parameter of type 'string' was found on type '{ pending: string; paid: string; overdue: string; cancelled: string; }'.
app/dashboard/purchases/[id]/page.tsx(565,53): error TS7053: Element implicitly has an 'any' type because expression of type 'string' can't be used to index type '{ pending: string; paid: string; overdue: string; cancelled: string; }'.
  No index signature with a parameter of type 'string' was found on type '{ pending: string; paid: string; overdue: string; cancelled: string; }'.
app/dashboard/purchases/[id]/page.tsx(682,18): error TS2304: Cannot find name 'Upload'.
app/dashboard/purchases/page.tsx(364,55): error TS7053: Element implicitly has an 'any' type because expression of type 'string' can't be used to index type '{ paid: string; pending: string; overdue: string; cancelled: string; }'.
  No index signature with a parameter of type 'string' was found on type '{ paid: string; pending: string; overdue: string; cancelled: string; }'.
app/dashboard/purchases/page.tsx(380,81): error TS7053: Element implicitly has an 'any' type because expression of type 'string' can't be used to index type '{ pending: string; approved: string; shipped: string; delivered: string; cancelled: string; }'.
  No index signature with a parameter of type 'string' was found on type '{ pending: string; approved: string; shipped: string; delivered: string; cancelled: string; }'.
app/dashboard/purchases/page.tsx(432,77): error TS7053: Element implicitly has an 'any' type because expression of type 'string' can't be used to index type '{ pending: string; approved: string; shipped: string; delivered: string; cancelled: string; }'.
  No index signature with a parameter of type 'string' was found on type '{ pending: string; approved: string; shipped: string; delivered: string; cancelled: string; }'.
app/dashboard/purchases/page.tsx(467,50): error TS7053: Element implicitly has an 'any' type because expression of type 'string' can't be used to index type '{ paid: string; pending: string; overdue: string; cancelled: string; }'.
  No index signature with a parameter of type 'string' was found on type '{ paid: string; pending: string; overdue: string; cancelled: string; }'.
app/dashboard/settings/layout.tsx(24,72): error TS2694: Namespace 'React' has no exported member 'Node'.
app/dashboard/settings/roles/page.tsx(49,7): error TS2322: Type 'Record<UserRole, number>' is not assignable to type 'number'.
app/dashboard/settings/roles/page.tsx(49,44): error TS2554: Expected 0 arguments, but got 1.
app/dashboard/settings/roles/page.tsx(184,54): error TS2345: Argument of type 'string' is not assignable to parameter of type 'UserRole'.
app/dashboard/settings/team/page.tsx(105,7): error TS2554: Expected 2 arguments, but got 1.
app/dashboard/settings/team/page.tsx(124,39): error TS2554: Expected 2 arguments, but got 1.
app/dashboard/settings/team/page.tsx(388,27): error TS2551: Property 'teamIds' does not exist on type 'User'. Did you mean 'teams'?
app/dashboard/settings/team/page.tsx(388,43): error TS2551: Property 'teamIds' does not exist on type 'User'. Did you mean 'teams'?
app/dashboard/settings/team/page.tsx(390,31): error TS2551: Property 'teamIds' does not exist on type 'User'. Did you mean 'teams'?
app/dashboard/settings/team/page.tsx(390,53): error TS2551: Property 'teamIds' does not exist on type 'User'. Did you mean 'teams'?
app/dashboard/support/page.tsx(384,42): error TS7053: Element implicitly has an 'any' type because expression of type 'string' can't be used to index type '{ technical: ForwardRefExoticComponent<Omit<LucideProps, "ref"> & RefAttributes<SVGSVGElement>>; feature_request: ForwardRefExoticComponent<...>; bug: ForwardRefExoticComponent<...>; support: ForwardRefExoticComponent<...>; performance: ForwardRefExoticComponent<...>; }'.
  No index signature with a parameter of type 'string' was found on type '{ technical: ForwardRefExoticComponent<Omit<LucideProps, "ref"> & RefAttributes<SVGSVGElement>>; feature_request: ForwardRefExoticComponent<...>; bug: ForwardRefExoticComponent<...>; support: ForwardRefExoticComponent<...>; performance: ForwardRefExoticComponent<...>; }'.
app/dashboard/support/page.tsx(406,83): error TS7053: Element implicitly has an 'any' type because expression of type 'string' can't be used to index type '{ low: string; medium: string; high: string; critical: string; }'.
  No index signature with a parameter of type 'string' was found on type '{ low: string; medium: string; high: string; critical: string; }'.
app/dashboard/support/page.tsx(413,85): error TS7053: Element implicitly has an 'any' type because expression of type 'string' can't be used to index type '{ open: string; in_progress: string; pending: string; resolved: string; escalated: string; closed: string; }'.
  No index signature with a parameter of type 'string' was found on type '{ open: string; in_progress: string; pending: string; resolved: string; escalated: string; closed: string; }'.
app/dashboard/support/page.tsx(447,38): error TS7053: Element implicitly has an 'any' type because expression of type 'string' can't be used to index type '{ technical: ForwardRefExoticComponent<Omit<LucideProps, "ref"> & RefAttributes<SVGSVGElement>>; feature_request: ForwardRefExoticComponent<...>; bug: ForwardRefExoticComponent<...>; support: ForwardRefExoticComponent<...>; performance: ForwardRefExoticComponent<...>; }'.
  No index signature with a parameter of type 'string' was found on type '{ technical: ForwardRefExoticComponent<Omit<LucideProps, "ref"> & RefAttributes<SVGSVGElement>>; feature_request: ForwardRefExoticComponent<...>; bug: ForwardRefExoticComponent<...>; support: ForwardRefExoticComponent<...>; performance: ForwardRefExoticComponent<...>; }'.
app/dashboard/support/page.tsx(483,81): error TS7053: Element implicitly has an 'any' type because expression of type 'string' can't be used to index type '{ low: string; medium: string; high: string; critical: string; }'.
  No index signature with a parameter of type 'string' was found on type '{ low: string; medium: string; high: string; critical: string; }'.
app/dashboard/support/page.tsx(486,81): error TS7053: Element implicitly has an 'any' type because expression of type 'string' can't be used to index type '{ open: string; in_progress: string; pending: string; resolved: string; escalated: string; closed: string; }'.
  No index signature with a parameter of type 'string' was found on type '{ open: string; in_progress: string; pending: string; resolved: string; escalated: string; closed: string; }'.
app/dashboard/vendors/new/page.tsx(774,18): error TS2304: Cannot find name 'CheckCircle'.
app/dashboard/vendors/page.tsx(455,35): error TS7053: Element implicitly has an 'any' type because expression of type 'string' can't be used to index type '{ Hardware: string; Software: string; 'Cloud Services': string; Networking: string; 'Office Supplies': string; Services: string; }'.
  No index signature with a parameter of type 'string' was found on type '{ Hardware: string; Software: string; 'Cloud Services': string; Networking: string; 'Office Supplies': string; Services: string; }'.
app/dashboard/vendors/page.tsx(521,38): error TS2339: Property 'id' does not exist on type 'string | { id: string; name: string; category: string; quantity: number; }'.
  Property 'id' does not exist on type 'string'.
app/dashboard/vendors/page.tsx(523,43): error TS2339: Property 'name' does not exist on type 'string | { id: string; name: string; category: string; quantity: number; }'.
  Property 'name' does not exist on type 'string'.
app/dashboard/vendors/page.tsx(523,65): error TS2339: Property 'quantity' does not exist on type 'string | { id: string; name: string; category: string; quantity: number; }'.
  Property 'quantity' does not exist on type 'string'.
app/dashboard/vendors/page.tsx(526,70): error TS2339: Property 'name' does not exist on type 'string | { id: string; name: string; category: string; quantity: number; }'.
  Property 'name' does not exist on type 'string'.
app/dashboard/vendors/page.tsx(568,77): error TS7053: Element implicitly has an 'any' type because expression of type 'string' can't be used to index type '{ active: string; on_hold: string; inactive: string; pending: string; }'.
  No index signature with a parameter of type 'string' was found on type '{ active: string; on_hold: string; inactive: string; pending: string; }'.
app/dashboard/vendors/page.tsx(634,77): error TS7053: Element implicitly has an 'any' type because expression of type 'string' can't be used to index type '{ active: string; on_hold: string; inactive: string; pending: string; }'.
  No index signature with a parameter of type 'string' was found on type '{ active: string; on_hold: string; inactive: string; pending: string; }'.
app/dashboard/visits/page.tsx(410,30): error TS7053: Element implicitly has an 'any' type because expression of type 'string' can't be used to index type '{ onsite: ForwardRefExoticComponent<Omit<LucideProps, "ref"> & RefAttributes<SVGSVGElement>>; online: ForwardRefExoticComponent<...>; hybrid: ForwardRefExoticComponent<...>; }'.
  No index signature with a parameter of type 'string' was found on type '{ onsite: ForwardRefExoticComponent<Omit<LucideProps, "ref"> & RefAttributes<SVGSVGElement>>; online: ForwardRefExoticComponent<...>; hybrid: ForwardRefExoticComponent<...>; }'.
app/dashboard/visits/page.tsx(411,34): error TS7053: Element implicitly has an 'any' type because expression of type 'string' can't be used to index type '{ onsite: string; online: string; hybrid: string; }'.
  No index signature with a parameter of type 'string' was found on type '{ onsite: string; online: string; hybrid: string; }'.
app/dashboard/visits/page.tsx(429,75): error TS7053: Element implicitly has an 'any' type because expression of type 'string' can't be used to index type '{ scheduled: string; completed: string; cancelled: string; rescheduled: string; }'.
  No index signature with a parameter of type 'string' was found on type '{ scheduled: string; completed: string; cancelled: string; rescheduled: string; }'.
app/dashboard/visits/page.tsx(521,34): error TS7053: Element implicitly has an 'any' type because expression of type 'string' can't be used to index type '{ onsite: ForwardRefExoticComponent<Omit<LucideProps, "ref"> & RefAttributes<SVGSVGElement>>; online: ForwardRefExoticComponent<...>; hybrid: ForwardRefExoticComponent<...>; }'.
  No index signature with a parameter of type 'string' was found on type '{ onsite: ForwardRefExoticComponent<Omit<LucideProps, "ref"> & RefAttributes<SVGSVGElement>>; online: ForwardRefExoticComponent<...>; hybrid: ForwardRefExoticComponent<...>; }'.
app/dashboard/visits/page.tsx(559,79): error TS7053: Element implicitly has an 'any' type because expression of type 'string' can't be used to index type '{ scheduled: string; completed: string; cancelled: string; rescheduled: string; }'.
  No index signature with a parameter of type 'string' was found on type '{ scheduled: string; completed: string; cancelled: string; rescheduled: string; }'.
components/products/EditPriceModal.tsx(274,66): error TS2345: Argument of type 'string | 0' is not assignable to parameter of type 'string'.
  Type 'number' is not assignable to type 'string'.
components/products/EditPriceModal.tsx(275,68): error TS2345: Argument of type 'string | 0' is not assignable to parameter of type 'string'.
  Type 'number' is not assignable to type 'string'.
components/projects/start-sprint-modal.tsx(60,39): error TS7006: Parameter 'id' implicitly has an 'any' type.
components/team/CreateRoleModal.tsx(83,13): error TS2345: Argument of type '{ name: string; slug: string; description: string; permissions: Permission[]; isSystemRole: false; isCustomRole: true; usersCount: number; color: string; icon: string; }' is not assignable to parameter of type 'Omit<Role, "id" | "updatedAt" | "createdAt">'.
  Property 'isDefault' is missing in type '{ name: string; slug: string; description: string; permissions: Permission[]; isSystemRole: false; isCustomRole: true; usersCount: number; color: string; icon: string; }' but required in type 'Omit<Role, "id" | "updatedAt" | "createdAt">'.
components/team/EditMemberModal.tsx(33,9): error TS2322: Type 'UserRole' is not assignable to type '"employee"'.
  Type '"super_admin"' is not assignable to type '"employee"'.
components/team/InviteMemberModal.tsx(68,7): error TS2322: Type 'null' is not assignable to type 'string | undefined'.
components/team/PermissionEditorModal.tsx(85,54): error TS2367: This comparison appears to be unintentional because the types 'PermissionAction' and 'string' have no overlap.
components/team/PermissionEditorModal.tsx(91,42): error TS2367: This comparison appears to be unintentional because the types 'PermissionAction' and 'string' have no overlap.
components/ui/sidebar.tsx(143,20): error TS18048: 'item.children' is possibly 'undefined'.
lib/checklist-task-service.ts(88,5): error TS2353: Object literal may only specify known properties, and 'updatedAt' does not exist in type 'ChecklistItem'.
lib/clients-utils.ts(42,5): error TS2353: Object literal may only specify known properties, and 'business' does not exist in type 'Record<ClientType, string>'.
lib/clients-utils.ts(139,17): error TS2339: Property 'overdueAmount' does not exist on type 'Client'.
lib/clients-utils.ts(220,14): error TS2339: Property 'overdueAmount' does not exist on type 'Client'.
lib/clients-utils.ts(221,33): error TS2339: Property 'overdueAmount' does not exist on type 'Client'.
lib/clients-utils.ts(226,14): error TS2339: Property 'lastActivityDate' does not exist on type 'Client'.
lib/clients-utils.ts(227,51): error TS2339: Property 'lastActivityDate' does not exist on type 'Client'.
lib/clients-utils.ts(283,5): error TS2353: Object literal may only specify known properties, and 'phone' does not exist in type 'Record<CommunicationType, string>'.
lib/clients-utils.ts(297,23): error TS2339: Property 'timestamp' does not exist on type 'Communication'.
lib/clients-utils.ts(297,57): error TS2339: Property 'timestamp' does not exist on type 'Communication'.
lib/clients-utils.ts(307,12): error TS2551: Property 'followUpCompletedAt' does not exist on type 'Communication'. Did you mean 'followUpCompleted'?
lib/clients-utils.ts(339,32): error TS2339: Property 'overdueAmount' does not exist on type 'Client'.
lib/clients-utils.ts(375,12): error TS2339: Property 'lastActivityDate' does not exist on type 'Client'.
lib/clients-utils.ts(376,12): error TS2339: Property 'lastActivityDate' does not exist on type 'Client'.
lib/clients-utils.ts(377,23): error TS2339: Property 'lastActivityDate' does not exist on type 'Client'.
lib/clients-utils.ts(377,64): error TS2339: Property 'lastActivityDate' does not exist on type 'Client'.
lib/clients-utils.ts(450,12): error TS2339: Property 'companyName' does not exist on type 'Client'.
lib/clients-utils.ts(534,5): error TS2353: Object literal may only specify known properties, and 'totalClients' does not exist in type 'ClientAnalytics'.
lib/clients-utils.ts(553,14): error TS2339: Property 'companyName' does not exist on type 'Client'.
lib/clients-utils.ts(554,38): error TS2339: Property 'companyName' does not exist on type 'Client'.
lib/mock-project-data.ts(1122,3): error TS2741: Property 'checklistInstances' is missing in type '{ id: string; tenantId: string; name: string; description: string; type: "agile"; status: "in_progress"; budget: number; spent: number; startDate: Date; dueDate: Date; manager: { id: string; name: string; }; ... 9 more ...; updatedAt: Date; }' but required in type 'Project'.
lib/mock-project-data.ts(1176,3): error TS2741: Property 'checklistInstances' is missing in type '{ id: string; tenantId: string; name: string; description: string; type: "fixed_price"; status: "in_progress"; budget: number; spent: number; startDate: Date; dueDate: Date; manager: { ...; }; ... 9 more ...; updatedAt: Date; }' but required in type 'Project'.
lib/mock-project-data.ts(1228,3): error TS2741: Property 'checklistInstances' is missing in type '{ id: string; tenantId: string; name: string; description: string; type: "time_material"; status: "planning"; budget: number; spent: number; startDate: Date; dueDate: Date; manager: { ...; }; ... 9 more ...; updatedAt: Date; }' but required in type 'Project'.
lib/mock-team-data.ts(10,5): error TS2561: Object literal may only specify known properties, but 'memberIds' does not exist in type 'Team'. Did you mean to write 'members'?
lib/mock-team-data.ts(20,5): error TS2561: Object literal may only specify known properties, but 'memberIds' does not exist in type 'Team'. Did you mean to write 'members'?
lib/mock-team-data.ts(30,5): error TS2561: Object literal may only specify known properties, but 'memberIds' does not exist in type 'Team'. Did you mean to write 'members'?
lib/mock-team-data.ts(40,5): error TS2561: Object literal may only specify known properties, but 'memberIds' does not exist in type 'Team'. Did you mean to write 'members'?
lib/mock-team-data.ts(59,5): error TS2561: Object literal may only specify known properties, but 'teamIds' does not exist in type 'User'. Did you mean to write 'teams'?
lib/mock-team-data.ts(75,5): error TS2561: Object literal may only specify known properties, but 'teamIds' does not exist in type 'User'. Did you mean to write 'teams'?
lib/mock-team-data.ts(91,5): error TS2561: Object literal may only specify known properties, but 'teamIds' does not exist in type 'User'. Did you mean to write 'teams'?
lib/mock-team-data.ts(107,5): error TS2561: Object literal may only specify known properties, but 'teamIds' does not exist in type 'User'. Did you mean to write 'teams'?
lib/mock-team-data.ts(123,5): error TS2561: Object literal may only specify known properties, but 'teamIds' does not exist in type 'User'. Did you mean to write 'teams'?
lib/mock-team-data.ts(139,5): error TS2561: Object literal may only specify known properties, but 'teamIds' does not exist in type 'User'. Did you mean to write 'teams'?
lib/mock-team-data.ts(155,5): error TS2561: Object literal may only specify known properties, but 'teamIds' does not exist in type 'User'. Did you mean to write 'teams'?
lib/mock-team-data.ts(171,5): error TS2561: Object literal may only specify known properties, but 'teamIds' does not exist in type 'User'. Did you mean to write 'teams'?
lib/mock-team-data.ts(187,5): error TS2561: Object literal may only specify known properties, but 'teamIds' does not exist in type 'User'. Did you mean to write 'teams'?
lib/mock-team-data.ts(203,5): error TS2561: Object literal may only specify known properties, but 'teamIds' does not exist in type 'User'. Did you mean to write 'teams'?
lib/mock-team-data.ts(219,5): error TS2561: Object literal may only specify known properties, but 'teamIds' does not exist in type 'User'. Did you mean to write 'teams'?
lib/mock-team-data.ts(235,5): error TS2561: Object literal may only specify known properties, but 'teamIds' does not exist in type 'User'. Did you mean to write 'teams'?
lib/mock-team-data.ts(251,5): error TS2561: Object literal may only specify known properties, but 'teamIds' does not exist in type 'User'. Did you mean to write 'teams'?
lib/mock-team-data.ts(267,5): error TS2561: Object literal may only specify known properties, but 'teamIds' does not exist in type 'User'. Did you mean to write 'teams'?
lib/mock-team-data.ts(283,5): error TS2561: Object literal may only specify known properties, but 'teamIds' does not exist in type 'User'. Did you mean to write 'teams'?
lib/products-utils.ts(509,5): error TS2353: Object literal may only specify known properties, and 'totalProducts' does not exist in type 'ProductAnalytics'.
lib/project-service.ts(15,3): error TS2305: Module '"@/types"' has no exported member 'Priority'.
lib/project-service.ts(17,3): error TS2305: Module '"@/types"' has no exported member 'WorkItemType'.
lib/project-service.ts(130,5): error TS2353: Object literal may only specify known properties, and 'clientId' does not exist in type 'Project'.
lib/project-service.ts(188,11): error TS2741: Property 'status' is missing in type '{ id: string; projectId: string; templateId: string; templateName: string; appTypes: AppType[]; items: ChecklistItem[]; totalItems: number; completedItems: number; requiredItems: number; completedRequiredItems: number; isProductionReady: false; createdAt: Date; updatedAt: Date; }' but required in type 'ChecklistInstance'.
lib/project-service.ts(250,7): error TS2322: Type 'TaskStatus' is not assignable to type '"cancelled" | "in_progress" | "completed" | "planning"'.
  Type '"review"' is not assignable to type '"cancelled" | "in_progress" | "completed" | "planning"'.
lib/project-service.ts(293,38): error TS2339: Property 'customFields' does not exist on type 'Epic'.
lib/project-service.ts(304,9): error TS2322: Type 'string | undefined' is not assignable to type 'TeamMember | undefined'.
  Type 'string' is not assignable to type 'TeamMember'.
lib/project-service.ts(362,9): error TS2353: Object literal may only specify known properties, and 'type' does not exist in type 'Task'.
lib/project-service.ts(368,25): error TS2339: Property 'tags' does not exist on type 'Story'.
lib/project-service.ts(370,34): error TS2339: Property 'customFields' does not exist on type 'Story'.
lib/project-service.ts(371,38): error TS2339: Property 'customFields' does not exist on type 'Story'.
lib/project-service.ts(372,27): error TS2339: Property 'customFields' does not exist on type 'Story'.
lib/project-service.ts(405,34): error TS2339: Property 'customFields' does not exist on type 'Task'.
lib/project-service.ts(406,38): error TS2339: Property 'customFields' does not exist on type 'Task'.
lib/project-service.ts(504,26): error TS2339: Property 'customFields' does not exist on type 'Story'.
lib/project-service.ts(661,23): error TS2367: This comparison appears to be unintentional because the types '"cancelled" | "in_progress" | "completed" | "planning"' and '"done"' have no overlap.
lib/project-service.ts(677,8): error TS2367: This comparison appears to be unintentional because the types '"cancelled" | "in_progress" | "completed" | "planning"' and '"done"' have no overlap.
lib/projects-utils.ts(63,5): error TS2353: Object literal may only specify known properties, and 'urgent' does not exist in type 'Record<TaskPriority, string>'.
lib/projects-utils.ts(109,17): error TS2339: Property 'totalTasks' does not exist on type 'Milestone'.
lib/projects-utils.ts(110,32): error TS2551: Property 'completedTasks' does not exist on type 'Milestone'. Did you mean 'completedAt'?
lib/projects-utils.ts(110,59): error TS2339: Property 'totalTasks' does not exist on type 'Milestone'.
lib/projects-utils.ts(142,33): error TS2339: Property 'remaining' does not exist on type 'BurndownPoint'.
lib/projects-utils.ts(142,50): error TS2339: Property 'remaining' does not exist on type 'BurndownPoint'.
lib/projects-utils.ts(229,5): error TS2353: Object literal may only specify known properties, and 'urgent' does not exist in type 'Record<TaskPriority, number>'.
lib/projects-utils.ts(265,14): error TS2339: Property 'totalStoryPoints' does not exist on type 'Sprint'.
lib/projects-utils.ts(266,29): error TS2551: Property 'completedStoryPoints' does not exist on type 'Sprint'. Did you mean 'completedPoints'?
lib/projects-utils.ts(266,59): error TS2339: Property 'totalStoryPoints' does not exist on type 'Sprint'.
lib/projects-utils.ts(283,17): error TS2339: Property 'totalStoryPoints' does not exist on type 'Sprint'.
lib/projects-utils.ts(299,7): error TS2353: Object literal may only specify known properties, and 'remaining' does not exist in type 'BurndownPoint'.
lib/projects-utils.ts(401,5): error TS2353: Object literal may only specify known properties, and 'urgent' does not exist in type 'Record<ProjectPriority, number>'.
lib/projects-utils.ts(459,15): error TS2339: Property 'budget' does not exist on type 'Project'.
lib/projects-utils.ts(459,33): error TS2339: Property 'spentAmount' does not exist on type 'Project'.
lib/projects-utils.ts(459,55): error TS2339: Property 'budget' does not exist on type 'Project'.
lib/projects-utils.ts(509,5): error TS2353: Object literal may only specify known properties, and 'totalTasks' does not exist in type 'ProjectAnalytics'.
lib/projects-utils.ts(518,21): error TS2339: Property 'budget' does not exist on type 'Project'.
lib/projects-utils.ts(519,20): error TS2339: Property 'spentAmount' does not exist on type 'Project'.
lib/projects-utils.ts(520,32): error TS2339: Property 'budget' does not exist on type 'Project'.
lib/projects-utils.ts(520,76): error TS2339: Property 'spentAmount' does not exist on type 'Project'.
lib/projects-utils.ts(520,97): error TS2339: Property 'budget' does not exist on type 'Project'.
lib/settings-data.ts(279,19): error TS2352: Conversion of type 'Omit<T, "id"> & { id: string; createdAt: string; }' to type 'T' may be a mistake because neither type sufficiently overlaps with the other. If this was intentional, convert the expression to 'unknown' first.
  'T' could be instantiated with an arbitrary type which could be unrelated to 'Omit<T, "id"> & { id: string; createdAt: string; }'.
lib/team-utils.ts(25,5): error TS2322: Type 'null' is not assignable to type 'string | undefined'.
lib/team-utils.ts(55,5): error TS2322: Type 'null' is not assignable to type 'string | undefined'.
lib/team-utils.ts(123,5): error TS2322: Type 'null' is not assignable to type 'string | undefined'.
lib/team-utils.ts(186,5): error TS2322: Type 'null' is not assignable to type 'string | undefined'.
lib/team-utils.ts(233,5): error TS2322: Type 'null' is not assignable to type 'string | undefined'.
lib/team-utils.ts(272,5): error TS2322: Type 'null' is not assignable to type 'string | undefined'.
lib/team-utils.ts(304,5): error TS2322: Type 'null' is not assignable to type 'string | undefined'.
